2024-12-09T07:28:15.428Z [ERROR]: ❌ Worker: Task processing failed {"file":"worker/index.ts","line":65,"function":"processor","jobId":"2","error":{}}
2024-12-12T14:48:55.557Z [ERROR]: File: redis.ts ❌, Line: 30, Function: initializeInstance; Redis connection error {"error":{"errno":-54,"code":"ECONNRESET","syscall":"read"},"instanceId":"default"}
2024-12-12T14:49:04.365Z [ERROR]: File: redis.ts ❌, Line: 30, Function: initializeInstance; Redis connection error {"error":{"errno":-54,"code":"ECONNRESET","syscall":"read"},"instanceId":"default"}
2024-12-12T14:49:05.283Z [ERROR]: File: redis.ts ❌, Line: 30, Function: initializeInstance; Redis connection error {"error":{"errno":-54,"code":"ECONNRESET","syscall":"read"},"instanceId":"default"}
2024-12-12T14:49:07.331Z [ERROR]: ❌ TaskObserver: Failed to subscribe {"file":"taskObserver.ts","line":38,"function":"subscribe","event":"group_change","error":{}}
2024-12-12T14:49:07.332Z [ERROR]: ❌ TaskObserver: Failed to subscribe {"file":"taskObserver.ts","line":38,"function":"subscribe","event":"task_completed","error":{}}
2024-12-12T14:49:07.332Z [ERROR]: ❌ TaskObserver: Failed to subscribe {"file":"taskObserver.ts","line":38,"function":"subscribe","event":"task_failed","error":{}}
2024-12-12T14:49:07.332Z [ERROR]: ❌ TaskObserver: Failed to subscribe {"file":"taskObserver.ts","line":38,"function":"subscribe","event":"task_progress","error":{}}
2024-12-12T14:49:08.329Z [ERROR]: File: redis.ts ❌, Line: 30, Function: initializeInstance; Redis connection error {"error":{},"instanceId":"default"}
2024-12-12T14:49:11.815Z [ERROR]: File: redis.ts ❌, Line: 30, Function: initializeInstance; Redis connection error {"error":{"errno":-54,"code":"ECONNRESET","syscall":"read"},"instanceId":"default"}
2024-12-12T14:49:15.900Z [ERROR]: File: redis.ts ❌, Line: 30, Function: initializeInstance; Redis connection error {"error":{"errno":-54,"code":"ECONNRESET","syscall":"read"},"instanceId":"default"}
2024-12-12T14:49:17.315Z [ERROR]: File: redis.ts ❌, Line: 30, Function: initializeInstance; Redis connection error {"error":{"errno":-54,"code":"ECONNRESET","syscall":"read"},"instanceId":"default"}
2024-12-12T14:49:18.779Z [ERROR]: File: redis.ts ❌, Line: 30, Function: initializeInstance; Redis connection error {"error":{"errno":-54,"code":"ECONNRESET","syscall":"read"},"instanceId":"default"}
2024-12-12T14:49:23.563Z [ERROR]: File: redis.ts ❌, Line: 30, Function: initializeInstance; Redis connection error {"error":{"errno":-54,"code":"ECONNRESET","syscall":"read"},"instanceId":"default"}
2024-12-12T14:49:32.782Z [ERROR]: File: redis.ts ❌, Line: 30, Function: initializeInstance; Redis connection error {"error":{"errno":-54,"code":"ECONNRESET","syscall":"read"},"instanceId":"default"}
2024-12-12T14:49:34.695Z [ERROR]: File: redis.ts ❌, Line: 30, Function: initializeInstance; Redis connection error {"error":{"errno":-54,"code":"ECONNRESET","syscall":"read"},"instanceId":"default"}
2024-12-12T14:49:36.660Z [ERROR]: File: redis.ts ❌, Line: 30, Function: initializeInstance; Redis connection error {"error":{"errno":-54,"code":"ECONNRESET","syscall":"read"},"instanceId":"default"}
2024-12-12T14:50:21.137Z [ERROR]: File: redis.ts ❌, Line: 30, Function: initializeInstance; Redis connection error {"error":{"errno":-54,"code":"ECONNRESET","syscall":"read"},"instanceId":"default"}
2024-12-12T14:50:22.576Z [ERROR]: File: redis.ts ❌, Line: 30, Function: initializeInstance; Redis connection error {"error":{"errno":-54,"code":"ECONNRESET","syscall":"read"},"instanceId":"default"}
2024-12-12T14:50:23.344Z [ERROR]: File: redis.ts ❌, Line: 30, Function: initializeInstance; Redis connection error {"error":{"errno":-54,"code":"ECONNRESET","syscall":"read"},"instanceId":"default"}
2024-12-12T14:50:25.932Z [ERROR]: File: redis.ts ❌, Line: 30, Function: initializeInstance; Redis connection error {"error":{"errno":-54,"code":"ECONNRESET","syscall":"read"},"instanceId":"default"}
2024-12-12T14:50:27.913Z [ERROR]: File: redis.ts ❌, Line: 30, Function: initializeInstance; Redis connection error {"error":{"errno":-54,"code":"ECONNRESET","syscall":"read"},"instanceId":"default"}
2024-12-12T14:50:28.977Z [ERROR]: File: redis.ts ❌, Line: 30, Function: initializeInstance; Redis connection error {"error":{},"instanceId":"default"}
2024-12-12T14:50:31.017Z [ERROR]: ❌ TaskObserver: Failed to subscribe {"file":"taskObserver.ts","line":38,"function":"subscribe","event":"group_change","error":{}}
2024-12-12T14:50:31.018Z [ERROR]: ❌ TaskObserver: Failed to subscribe {"file":"taskObserver.ts","line":38,"function":"subscribe","event":"task_completed","error":{}}
2024-12-12T14:50:31.018Z [ERROR]: ❌ TaskObserver: Failed to subscribe {"file":"taskObserver.ts","line":38,"function":"subscribe","event":"task_failed","error":{}}
2024-12-12T14:50:31.018Z [ERROR]: ❌ TaskObserver: Failed to subscribe {"file":"taskObserver.ts","line":38,"function":"subscribe","event":"task_progress","error":{}}
2024-12-12T14:50:35.151Z [ERROR]: File: redis.ts ❌, Line: 30, Function: initializeInstance; Redis connection error {"error":{"errno":-54,"code":"ECONNRESET","syscall":"read"},"instanceId":"default"}
2024-12-12T14:53:41.330Z [ERROR]: File: redis.ts ❌, Line: 30, Function: initializeInstance; Redis connection error {"error":{"errno":-54,"code":"ECONNRESET","syscall":"read"},"instanceId":"default"}
2024-12-12T14:53:42.501Z [ERROR]: File: redis.ts ❌, Line: 30, Function: initializeInstance; Redis connection error {"error":{"errno":-54,"code":"ECONNRESET","syscall":"read"},"instanceId":"default"}
2024-12-12T14:53:43.664Z [ERROR]: File: redis.ts ❌, Line: 30, Function: initializeInstance; Redis connection error {"error":{"errno":-54,"code":"ECONNRESET","syscall":"read"},"instanceId":"default"}
2024-12-12T14:53:52.956Z [ERROR]: ❌ TaskObserver: Failed to subscribe {"file":"taskObserver.ts","line":38,"function":"subscribe","event":"group_change","error":{}}
2024-12-12T14:53:52.957Z [ERROR]: ❌ TaskObserver: Failed to subscribe {"file":"taskObserver.ts","line":38,"function":"subscribe","event":"task_completed","error":{}}
2024-12-12T14:53:52.957Z [ERROR]: ❌ TaskObserver: Failed to subscribe {"file":"taskObserver.ts","line":38,"function":"subscribe","event":"task_failed","error":{}}
2024-12-12T14:53:52.957Z [ERROR]: ❌ TaskObserver: Failed to subscribe {"file":"taskObserver.ts","line":38,"function":"subscribe","event":"task_progress","error":{}}
2024-12-12T14:53:53.975Z [ERROR]: File: redis.ts ❌, Line: 30, Function: initializeInstance; Redis connection error {"error":{},"instanceId":"default"}
2024-12-12T14:54:08.364Z [ERROR]: File: redis.ts ❌, Line: 30, Function: initializeInstance; Redis connection error {"error":{"errno":-54,"code":"ECONNRESET","syscall":"read"},"instanceId":"default"}
2024-12-12T14:54:15.120Z [ERROR]: File: redis.ts ❌, Line: 30, Function: initializeInstance; Redis connection error {"error":{"errno":-54,"code":"ECONNRESET","syscall":"read"},"instanceId":"default"}
2024-12-12T14:54:18.803Z [ERROR]: File: redis.ts ❌, Line: 30, Function: initializeInstance; Redis connection error {"error":{"errno":-54,"code":"ECONNRESET","syscall":"read"},"instanceId":"default"}
2024-12-12T14:54:28.820Z [ERROR]: File: redis.ts ❌, Line: 30, Function: initializeInstance; Redis connection error {"error":{},"instanceId":"default"}
2024-12-12T14:54:35.006Z [ERROR]: File: redis.ts ❌, Line: 30, Function: initializeInstance; Redis connection error {"error":{"errno":-54,"code":"ECONNRESET","syscall":"read"},"instanceId":"default"}
2024-12-12T14:54:43.268Z [ERROR]: File: redis.ts ❌, Line: 30, Function: initializeInstance; Redis connection error {"error":{"errno":-54,"code":"ECONNRESET","syscall":"read"},"instanceId":"default"}
2024-12-12T14:54:51.510Z [ERROR]: File: redis.ts ❌, Line: 30, Function: initializeInstance; Redis connection error {"error":{"errno":-54,"code":"ECONNRESET","syscall":"read"},"instanceId":"default"}
2024-12-12T14:55:03.956Z [ERROR]: File: redis.ts ❌, Line: 30, Function: initializeInstance; Redis connection error {"error":{"errno":-54,"code":"ECONNRESET","syscall":"read"},"instanceId":"default"}
2024-12-12T14:55:06.023Z [ERROR]: File: redis.ts ❌, Line: 30, Function: initializeInstance; Redis connection error {"error":{"errno":-54,"code":"ECONNRESET","syscall":"read"},"instanceId":"default"}
2024-12-12T14:55:12.211Z [ERROR]: File: redis.ts ❌, Line: 30, Function: initializeInstance; Redis connection error {"error":{"errno":-54,"code":"ECONNRESET","syscall":"read"},"instanceId":"default"}
2024-12-12T14:55:12.211Z [ERROR]: File: redis.ts ❌, Line: 30, Function: initializeInstance; Redis connection error {"error":{},"instanceId":"default"}
2024-12-12T14:55:14.273Z [ERROR]: File: redis.ts ❌, Line: 30, Function: initializeInstance; Redis connection error {"error":{"errno":-54,"code":"ECONNRESET","syscall":"read"},"instanceId":"default"}
2024-12-12T14:55:22.525Z [ERROR]: File: redis.ts ❌, Line: 30, Function: initializeInstance; Redis connection error {"error":{"errno":-54,"code":"ECONNRESET","syscall":"read"},"instanceId":"default"}
2024-12-12T14:55:39.011Z [ERROR]: File: redis.ts ❌, Line: 30, Function: initializeInstance; Redis connection error {"error":{"errno":-54,"code":"ECONNRESET","syscall":"read"},"instanceId":"default"}
2024-12-12T14:55:53.444Z [ERROR]: File: redis.ts ❌, Line: 30, Function: initializeInstance; Redis connection error {"error":{"errno":-54,"code":"ECONNRESET","syscall":"read"},"instanceId":"default"}
2024-12-12T14:55:55.508Z [ERROR]: File: redis.ts ❌, Line: 30, Function: initializeInstance; Redis connection error {"error":{},"instanceId":"default"}
2024-12-12T14:56:03.749Z [ERROR]: File: redis.ts ❌, Line: 30, Function: initializeInstance; Redis connection error {"error":{"errno":-54,"code":"ECONNRESET","syscall":"read"},"instanceId":"default"}
2024-12-12T14:56:07.876Z [ERROR]: File: redis.ts ❌, Line: 30, Function: initializeInstance; Redis connection error {"error":{"errno":-54,"code":"ECONNRESET","syscall":"read"},"instanceId":"default"}
2024-12-12T14:56:09.941Z [ERROR]: File: redis.ts ❌, Line: 30, Function: initializeInstance; Redis connection error {"error":{"errno":-54,"code":"ECONNRESET","syscall":"read"},"instanceId":"default"}
2024-12-12T14:56:12.006Z [ERROR]: File: redis.ts ❌, Line: 30, Function: initializeInstance; Redis connection error {"error":{"errno":-54,"code":"ECONNRESET","syscall":"read"},"instanceId":"default"}
2024-12-12T14:56:14.072Z [ERROR]: File: redis.ts ❌, Line: 30, Function: initializeInstance; Redis connection error {"error":{"errno":-54,"code":"ECONNRESET","syscall":"read"},"instanceId":"default"}
2024-12-12T14:56:22.323Z [ERROR]: File: redis.ts ❌, Line: 30, Function: initializeInstance; Redis connection error {"error":{"errno":-54,"code":"ECONNRESET","syscall":"read"},"instanceId":"default"}
2024-12-12T14:56:26.447Z [ERROR]: File: redis.ts ❌, Line: 30, Function: initializeInstance; Redis connection error {"error":{"errno":-54,"code":"ECONNRESET","syscall":"read"},"instanceId":"default"}
2024-12-12T14:56:30.566Z [ERROR]: File: redis.ts ❌, Line: 30, Function: initializeInstance; Redis connection error {"error":{"errno":-54,"code":"ECONNRESET","syscall":"read"},"instanceId":"default"}
2024-12-12T14:56:36.751Z [ERROR]: File: redis.ts ❌, Line: 30, Function: initializeInstance; Redis connection error {"error":{"errno":-54,"code":"ECONNRESET","syscall":"read"},"instanceId":"default"}
2024-12-12T14:56:38.817Z [ERROR]: File: redis.ts ❌, Line: 30, Function: initializeInstance; Redis connection error {"error":{},"instanceId":"default"}
2024-12-12T14:56:40.878Z [ERROR]: File: redis.ts ❌, Line: 30, Function: initializeInstance; Redis connection error {"error":{"errno":-54,"code":"ECONNRESET","syscall":"read"},"instanceId":"default"}
2024-12-12T14:56:42.944Z [ERROR]: File: redis.ts ❌, Line: 30, Function: initializeInstance; Redis connection error {"error":{"errno":-54,"code":"ECONNRESET","syscall":"read"},"instanceId":"default"}
2024-12-12T14:56:59.436Z [ERROR]: File: redis.ts ❌, Line: 30, Function: initializeInstance; Redis connection error {"error":{"errno":-54,"code":"ECONNRESET","syscall":"read"},"instanceId":"default"}
2024-12-12T14:57:09.745Z [ERROR]: File: redis.ts ❌, Line: 30, Function: initializeInstance; Redis connection error {"error":{"errno":-54,"code":"ECONNRESET","syscall":"read"},"instanceId":"default"}
2024-12-12T14:57:22.120Z [ERROR]: File: redis.ts ❌, Line: 30, Function: initializeInstance; Redis connection error {"error":{},"instanceId":"default"}
